<?xml version="1.0" encoding="UTF-8"?>
<!-- Generated by org.testng.reporters.JUnitReportReporter -->
<testsuite hostname="C02PJ1ZGG3QN" name="com.longestWordFinder.LongestWordFinderTest" tests="10" failures="0"
           timestamp="3 Aug 2018 00:07:21 GMT" time="0.380" errors="0">
    <testcase name="testGetLongestWordAndLength" time="0.001" classname="com.longestWordFinder.LongestWordFinderTest"/>
  <testcase name="testGetLongestWordAndLength" time="0.000" classname="com.longestWordFinder.LongestWordFinderTest"/>
  <testcase name="testGetLongestWordAndLength" time="0.000" classname="com.longestWordFinder.LongestWordFinderTest"/>
    <testcase name="testGetLongestWordAndLength" time="0.000" classname="com.longestWordFinder.LongestWordFinderTest"/>
    <testcase name="testGetLongestWordAndLength" time="0.000" classname="com.longestWordFinder.LongestWordFinderTest"/>
    <testcase name="testGetLongestWordAndLength" time="0.378" classname="com.longestWordFinder.LongestWordFinderTest"/>
  <testcase name="testGetLongestWordAndLength" time="0.000" classname="com.longestWordFinder.LongestWordFinderTest"/>
  <testcase name="testGetLongestWordAndLength" time="0.000" classname="com.longestWordFinder.LongestWordFinderTest"/>
    <testcase name="testGetLongestWordAndLength" time="0.001" classname="com.longestWordFinder.LongestWordFinderTest"/>
    <testcase name="testGetLongestWordAndLength" time="0.000" classname="com.longestWordFinder.LongestWordFinderTest"/>
</testsuite> <!-- com.longestWordFinder.LongestWordFinderTest -->
