<?xml version="1.0" encoding="UTF-8"?>
<!-- Generated by org.testng.reporters.JUnitReportReporter -->
<testsuite hostname="C02PJ1ZGG3QN" name="com.longestWordFinder.LongestWordFinderTest" tests="9" failures="0"
           timestamp="1 Aug 2018 04:00:29 GMT" time="0.329" errors="0">
    <testcase name="testGetLongestWordAndLength" time="0.327" classname="com.longestWordFinder.LongestWordFinderTest"/>
    <testcase name="testGetLongestWordAndLength" time="0.001" classname="com.longestWordFinder.LongestWordFinderTest"/>
  <testcase name="testGetLongestWordAndLength" time="0.000" classname="com.longestWordFinder.LongestWordFinderTest"/>
  <testcase name="testGetLongestWordAndLength" time="0.000" classname="com.longestWordFinder.LongestWordFinderTest"/>
    <testcase name="testGetLongestWordAndLength" time="0.000" classname="com.longestWordFinder.LongestWordFinderTest"/>
  <testcase name="testGetLongestWordAndLength" time="0.001" classname="com.longestWordFinder.LongestWordFinderTest"/>
    <testcase name="testGetLongestWordAndLength" time="0.000" classname="com.longestWordFinder.LongestWordFinderTest"/>
  <testcase name="testGetLongestWordAndLength" time="0.000" classname="com.longestWordFinder.LongestWordFinderTest"/>
  <testcase name="testGetLongestWordAndLength" time="0.000" classname="com.longestWordFinder.LongestWordFinderTest"/>
</testsuite> <!-- com.longestWordFinder.LongestWordFinderTest -->
